This is pdfTeX, Version 3.141592653-2.6-1.40.26 (TeX Live 2025/dev/Debian) (preloaded format=pdflatex 2025.5.25)  7 SEP 2025 17:43
entering extended mode
 restricted \write18 enabled.
 file:line:error style messages enabled.
 %&-line parsing enabled.
**/home/nithin/work/system-design/lecture_notes.tex
(/home/nithin/work/system-design/lecture_notes.tex
LaTeX2e <2024-11-01> patch level 2
L3 programming layer <2025-01-18>
(/usr/share/texlive/texmf-dist/tex/latex/base/article.cls
Document Class: article 2024/06/29 v1.4n Standard LaTeX document class
(/usr/share/texlive/texmf-dist/tex/latex/base/size10.clo
File: size10.clo 2024/06/29 v1.4n Standard LaTeX file (size option)
)
\c@part=\count196
\c@section=\count197
\c@subsection=\count198
\c@subsubsection=\count199
\c@paragraph=\count266
\c@subparagraph=\count267
\c@figure=\count268
\c@table=\count269
\abovecaptionskip=\skip49
\belowcaptionskip=\skip50
\bibindent=\dimen141
) (/usr/share/texlive/texmf-dist/tex/latex/base/inputenc.sty
Package: inputenc 2024/02/08 v1.3d Input encoding file
\inpenc@prehook=\toks17
\inpenc@posthook=\toks18
) (/usr/share/texlive/texmf-dist/tex/latex/geometry/geometry.sty
Package: geometry 2020/01/02 v5.9 Page Geometry
 (/usr/share/texlive/texmf-dist/tex/latex/graphics/keyval.sty
Package: keyval 2022/05/29 v1.15 key=value parser (DPC)
\KV@toks@=\toks19
) (/usr/share/texlive/texmf-dist/tex/generic/iftex/ifvtex.sty
Package: ifvtex 2019/10/25 v1.7 ifvtex legacy package. Use iftex instead.
 (/usr/share/texlive/texmf-dist/tex/generic/iftex/iftex.sty
Package: iftex 2024/12/12 v1.0g TeX engine tests
))
\Gm@cnth=\count270
\Gm@cntv=\count271
\c@Gm@tempcnt=\count272
\Gm@bindingoffset=\dimen142
\Gm@wd@mp=\dimen143
\Gm@odd@mp=\dimen144
\Gm@even@mp=\dimen145
\Gm@layoutwidth=\dimen146
\Gm@layoutheight=\dimen147
\Gm@layouthoffset=\dimen148
\Gm@layoutvoffset=\dimen149
\Gm@dimlist=\toks20
) (/usr/share/texlive/texmf-dist/tex/latex/hyperref/hyperref.sty
Package: hyperref 2024-11-05 v7.01l Hypertext links for LaTeX
 (/usr/share/texlive/texmf-dist/tex/latex/kvsetkeys/kvsetkeys.sty
Package: kvsetkeys 2022-10-05 v1.19 Key value parser (HO)
) (/usr/share/texlive/texmf-dist/tex/generic/kvdefinekeys/kvdefinekeys.sty
Package: kvdefinekeys 2019-12-19 v1.6 Define keys (HO)
) (/usr/share/texlive/texmf-dist/tex/generic/pdfescape/pdfescape.sty
Package: pdfescape 2019/12/09 v1.15 Implements pdfTeX's escape features (HO)
 (/usr/share/texlive/texmf-dist/tex/generic/ltxcmds/ltxcmds.sty
Package: ltxcmds 2023-12-04 v1.26 LaTeX kernel commands for general use (HO)
) (/usr/share/texlive/texmf-dist/tex/generic/pdftexcmds/pdftexcmds.sty
Package: pdftexcmds 2020-06-27 v0.33 Utility functions of pdfTeX for LuaTeX (HO)
 (/usr/share/texlive/texmf-dist/tex/generic/infwarerr/infwarerr.sty
Package: infwarerr 2019/12/03 v1.5 Providing info/warning/error messages (HO)
)
Package pdftexcmds Info: \pdf@primitive is available.
Package pdftexcmds Info: \pdf@ifprimitive is available.
Package pdftexcmds Info: \pdfdraftmode found.
)) (/usr/share/texlive/texmf-dist/tex/latex/hycolor/hycolor.sty
Package: hycolor 2020-01-27 v1.10 Color options for hyperref/bookmark (HO)
) (/usr/share/texlive/texmf-dist/tex/latex/hyperref/nameref.sty
Package: nameref 2023-11-26 v2.56 Cross-referencing by name of section
 (/usr/share/texlive/texmf-dist/tex/latex/refcount/refcount.sty
Package: refcount 2019/12/15 v3.6 Data extraction from label references (HO)
) (/usr/share/texlive/texmf-dist/tex/generic/gettitlestring/gettitlestring.sty
Package: gettitlestring 2019/12/15 v1.6 Cleanup title references (HO)
 (/usr/share/texlive/texmf-dist/tex/latex/kvoptions/kvoptions.sty
Package: kvoptions 2022-06-15 v3.15 Key value format for package options (HO)
))
\c@section@level=\count273
) (/usr/share/texlive/texmf-dist/tex/latex/etoolbox/etoolbox.sty
Package: etoolbox 2025/02/11 v2.5l e-TeX tools for LaTeX (JAW)
\etb@tempcnta=\count274
) (/usr/share/texlive/texmf-dist/tex/generic/stringenc/stringenc.sty
Package: stringenc 2019/11/29 v1.12 Convert strings between diff. encodings (HO)
)
\@linkdim=\dimen150
\Hy@linkcounter=\count275
\Hy@pagecounter=\count276
 (/usr/share/texlive/texmf-dist/tex/latex/hyperref/pd1enc.def
File: pd1enc.def 2024-11-05 v7.01l Hyperref: PDFDocEncoding definition (HO)
Now handling font encoding PD1 ...
... no UTF-8 mapping file for font encoding PD1
) (/usr/share/texlive/texmf-dist/tex/generic/intcalc/intcalc.sty
Package: intcalc 2019/12/15 v1.3 Expandable calculations with integers (HO)
)
\Hy@SavedSpaceFactor=\count277
 (/usr/share/texlive/texmf-dist/tex/latex/hyperref/puenc.def
File: puenc.def 2024-11-05 v7.01l Hyperref: PDF Unicode definition (HO)
Now handling font encoding PU ...
... no UTF-8 mapping file for font encoding PU
)
Package hyperref Info: Hyper figures OFF on input line 4157.
Package hyperref Info: Link nesting OFF on input line 4162.
Package hyperref Info: Hyper index ON on input line 4165.
Package hyperref Info: Plain pages OFF on input line 4172.
Package hyperref Info: Backreferencing OFF on input line 4177.
Package hyperref Info: Implicit mode ON; LaTeX internals redefined.
Package hyperref Info: Bookmarks ON on input line 4424.
\c@Hy@tempcnt=\count278
 (/usr/share/texlive/texmf-dist/tex/latex/url/url.sty
\Urlmuskip=\muskip17
Package: url 2013/09/16  ver 3.4  Verb mode for urls, etc.
)
LaTeX Info: Redefining \url on input line 4763.
\XeTeXLinkMargin=\dimen151
 (/usr/share/texlive/texmf-dist/tex/generic/bitset/bitset.sty
Package: bitset 2019/12/09 v1.3 Handle bit-vector datatype (HO)
 (/usr/share/texlive/texmf-dist/tex/generic/bigintcalc/bigintcalc.sty
Package: bigintcalc 2019/12/15 v1.5 Expandable calculations on big integers (HO)
))
\Fld@menulength=\count279
\Field@Width=\dimen152
\Fld@charsize=\dimen153
Package hyperref Info: Hyper figures OFF on input line 6042.
Package hyperref Info: Link nesting OFF on input line 6047.
Package hyperref Info: Hyper index ON on input line 6050.
Package hyperref Info: backreferencing OFF on input line 6057.
Package hyperref Info: Link coloring OFF on input line 6062.
Package hyperref Info: Link coloring with OCG OFF on input line 6067.
Package hyperref Info: PDF/A mode OFF on input line 6072.
 (/usr/share/texlive/texmf-dist/tex/latex/base/atbegshi-ltx.sty
Package: atbegshi-ltx 2021/01/10 v1.0c Emulation of the original atbegshi
package with kernel methods
)
\Hy@abspage=\count280
\c@Item=\count281
\c@Hfootnote=\count282
)
Package hyperref Info: Driver (autodetected): hpdftex.
 (/usr/share/texlive/texmf-dist/tex/latex/hyperref/hpdftex.def
File: hpdftex.def 2024-11-05 v7.01l Hyperref driver for pdfTeX
 (/usr/share/texlive/texmf-dist/tex/latex/base/atveryend-ltx.sty
Package: atveryend-ltx 2020/08/19 v1.0a Emulation of the original atveryend package
with kernel methods
)
\Fld@listcount=\count283
\c@bookmark@seq@number=\count284
 (/usr/share/texlive/texmf-dist/tex/latex/rerunfilecheck/rerunfilecheck.sty
Package: rerunfilecheck 2022-07-10 v1.10 Rerun checks for auxiliary files (HO)
 (/usr/share/texlive/texmf-dist/tex/generic/uniquecounter/uniquecounter.sty
Package: uniquecounter 2019/12/15 v1.4 Provide unlimited unique counter (HO)
)
Package uniquecounter Info: New unique counter `rerunfilecheck' on input line 285.
)
\Hy@SectionHShift=\skip51
) (/usr/share/texlive/texmf-dist/tex/latex/graphics/graphicx.sty
Package: graphicx 2021/09/16 v1.2d Enhanced LaTeX Graphics (DPC,SPQR)
 (/usr/share/texlive/texmf-dist/tex/latex/graphics/graphics.sty
Package: graphics 2024/08/06 v1.4g Standard LaTeX Graphics (DPC,SPQR)
 (/usr/share/texlive/texmf-dist/tex/latex/graphics/trig.sty
Package: trig 2023/12/02 v1.11 sin cos tan (DPC)
) (/usr/share/texlive/texmf-dist/tex/latex/graphics-cfg/graphics.cfg
File: graphics.cfg 2016/06/04 v1.11 sample graphics configuration
)
Package graphics Info: Driver file: pdftex.def on input line 106.
 (/usr/share/texlive/texmf-dist/tex/latex/graphics-def/pdftex.def
File: pdftex.def 2024/04/13 v1.2c Graphics/color driver for pdftex
))
\Gin@req@height=\dimen154
\Gin@req@width=\dimen155
) (/usr/share/texlive/texmf-dist/tex/latex/minted/minted.sty
Package: minted 2025/03/06 v3.6.0 Yet another Pygments shim for LaTeX
 (/usr/share/texlive/texmf-dist/tex/generic/catchfile/catchfile.sty
Package: catchfile 2019/12/09 v1.8 Catch the contents of a file (HO)
 (/usr/share/texlive/texmf-dist/tex/generic/etexcmds/etexcmds.sty
Package: etexcmds 2019/12/15 v1.7 Avoid name clashes with e-TeX commands (HO)
)) (/usr/share/texlive/texmf-dist/tex/latex/fvextra/fvextra.sty
Package: fvextra 2025/03/04 v1.12.0 fvextra - extensions and patches for fancyvrb
 (/usr/share/texlive/texmf-dist/tex/latex/fancyvrb/fancyvrb.sty
Package: fancyvrb 2024/01/20 4.5c verbatim text (tvz,hv)
\FV@CodeLineNo=\count285
\FV@InFile=\read2
\FV@TabBox=\box52
\c@FancyVerbLine=\count286
\FV@StepNumber=\count287
\FV@OutFile=\write3
) (/usr/share/texlive/texmf-dist/tex/latex/upquote/upquote.sty
Package: upquote 2012/04/19 v1.3 upright-quote and grave-accent glyphs in verbatim
) (/usr/share/texlive/texmf-dist/tex/latex/lineno/lineno.sty
Package: lineno 2025/01/29 line numbers on paragraphs v5.4
\linenopenalty=\count288
\output=\toks21
\linenoprevgraf=\count289
\linenumbersep=\dimen156
\linenumberwidth=\dimen157
\c@linenumber=\count290
\c@pagewiselinenumber=\count291
\c@LN@truepage=\count292
\c@internallinenumber=\count293
\c@internallinenumbers=\count294
\quotelinenumbersep=\dimen158
\bframerule=\dimen159
\bframesep=\dimen160
\bframebox=\box53
LaTeX Info: Redefining \\ on input line 3187.
)
\c@FancyVerbWriteLine=\count295
\c@FancyVerbBufferLine=\count296
\c@FV@TrueTabGroupLevel=\count297
\c@FV@TrueTabCounter=\count298
\FV@TabBox@Group=\box54
\FV@bgcolorstructbox=\box55
\FV@TmpLength=\skip52
\c@FV@HighlightLinesStart=\count299
\c@FV@HighlightLinesStop=\count300
\FV@LoopCount=\count301
\FV@NCharsBox=\box56
\FV@BreakIndent=\dimen161
\FV@BreakIndentNChars=\count302
\FV@BreakSymbolSepLeft=\dimen162
\FV@BreakSymbolSepLeftNChars=\count303
\FV@BreakSymbolSepRight=\dimen163
\FV@BreakSymbolSepRightNChars=\count304
\FV@BreakSymbolIndentLeft=\dimen164
\FV@BreakSymbolIndentLeftNChars=\count305
\FV@BreakSymbolIndentRight=\dimen165
\FV@BreakSymbolIndentRightNChars=\count306
\c@FancyVerbLineBreakLast=\count307
\FV@LineBox=\box57
\FV@LineIndentBox=\box58
\c@FV@BreakBufferDepth=\count308
\FV@LineWidth=\dimen166
) (/usr/share/texlive/texmf-dist/tex/latex/latex2pydata/latex2pydata.sty
Package: latex2pydata 2025/03/03 v0.5.0 latex2pydata - write data to file in Python literal format
) (/usr/share/texlive/texmf-dist/tex/latex/pgf/utilities/pgfkeys.sty (/usr/share/texlive/texmf-dist/tex/generic/pgf/utilities/pgfkeys.code.tex
\pgfkeys@pathtoks=\toks22
\pgfkeys@temptoks=\toks23
 (/usr/share/texlive/texmf-dist/tex/generic/pgf/utilities/pgfkeyslibraryfiltered.code.tex
\pgfkeys@tmptoks=\toks24
))) (/usr/share/texlive/texmf-dist/tex/latex/pgfopts/pgfopts.sty
Package: pgfopts 2014/07/10 v2.1a LaTeX package options with pgfkeys
\pgfopts@list@add@a@toks=\toks25
\pgfopts@list@add@b@toks=\toks26
) (/usr/share/texlive/texmf-dist/tex/latex/tools/shellesc.sty
Package: shellesc 2023/07/08 v1.0d unified shell escape interface for LaTeX
Package shellesc Info: Restricted shell escape enabled on input line 77.
) (/usr/share/texlive/texmf-dist/tex/latex/float/float.sty
Package: float 2001/11/08 v1.3d Float enhancements (AL)
\c@float@type=\count309
\float@exts=\toks27
\float@box=\box59
\@float@everytoks=\toks28
\@floatcapt=\box60
)
\c@minted@FancyVerbLineTemp=\count310
\@float@every@listing=\toks29
\c@listing=\count311
) (/usr/share/texlive/texmf-dist/tex/latex/titling/titling.sty
Package: titling 2009/09/04 v2.1d maketitle typesetting
\thanksmarkwidth=\skip53
\thanksmargin=\skip54
\droptitle=\skip55
)
Package hyperref Info: Option `colorlinks' set `true' on input line 15.
 (/usr/share/texlive/texmf-dist/tex/latex/xcolor/xcolor.sty
Package: xcolor 2024/09/29 v3.02 LaTeX color extensions (UK)
 (/usr/share/texlive/texmf-dist/tex/latex/graphics-cfg/color.cfg
File: color.cfg 2016/01/02 v1.6 sample color configuration
)
Package xcolor Info: Driver file: pdftex.def on input line 274.
 (/usr/share/texlive/texmf-dist/tex/latex/graphics/mathcolor.ltx)
Package xcolor Info: Model `cmy' substituted by `cmy0' on input line 1349.
Package xcolor Info: Model `hsb' substituted by `rgb' on input line 1353.
Package xcolor Info: Model `RGB' extended on input line 1365.
Package xcolor Info: Model `HTML' substituted by `rgb' on input line 1367.
Package xcolor Info: Model `Hsb' substituted by `hsb' on input line 1368.
Package xcolor Info: Model `tHsb' substituted by `hsb' on input line 1369.
Package xcolor Info: Model `HSB' substituted by `hsb' on input line 1370.
Package xcolor Info: Model `Gray' substituted by `gray' on input line 1371.
Package xcolor Info: Model `wave' substituted by `hsb' on input line 1372.
) (/usr/share/texlive/texmf-dist/tex/latex/l3backend/l3backend-pdftex.def
File: l3backend-pdftex.def 2024-05-08 L3 backend support: PDF output (pdfTeX)
\l__color_backend_stack_int=\count312
\l__pdf_internal_box=\box61
) (./lecture_notes.aux)
\openout1 = `lecture_notes.aux'.

LaTeX Font Info:    Checking defaults for OML/cmm/m/it on input line 21.
LaTeX Font Info:    ... okay on input line 21.
LaTeX Font Info:    Checking defaults for OMS/cmsy/m/n on input line 21.
LaTeX Font Info:    ... okay on input line 21.
LaTeX Font Info:    Checking defaults for OT1/cmr/m/n on input line 21.
LaTeX Font Info:    ... okay on input line 21.
LaTeX Font Info:    Checking defaults for T1/cmr/m/n on input line 21.
LaTeX Font Info:    ... okay on input line 21.
LaTeX Font Info:    Checking defaults for TS1/cmr/m/n on input line 21.
LaTeX Font Info:    ... okay on input line 21.
LaTeX Font Info:    Checking defaults for OMX/cmex/m/n on input line 21.
LaTeX Font Info:    ... okay on input line 21.
LaTeX Font Info:    Checking defaults for U/cmr/m/n on input line 21.
LaTeX Font Info:    ... okay on input line 21.
LaTeX Font Info:    Checking defaults for PD1/pdf/m/n on input line 21.
LaTeX Font Info:    ... okay on input line 21.
LaTeX Font Info:    Checking defaults for PU/pdf/m/n on input line 21.
LaTeX Font Info:    ... okay on input line 21.

*geometry* driver: auto-detecting
*geometry* detected driver: pdftex
*geometry* verbose mode - [ preamble ] result:
* driver: pdftex
* paper: a4paper
* layout: <same size as paper>
* layoutoffset:(h,v)=(0.0pt,0.0pt)
* modes: 
* h-part:(L,W,R)=(72.26999pt, 452.9679pt, 72.26999pt)
* v-part:(T,H,B)=(72.26999pt, 700.50687pt, 72.26999pt)
* \paperwidth=597.50787pt
* \paperheight=845.04684pt
* \textwidth=452.9679pt
* \textheight=700.50687pt
* \oddsidemargin=0.0pt
* \evensidemargin=0.0pt
* \topmargin=-37.0pt
* \headheight=12.0pt
* \headsep=25.0pt
* \topskip=10.0pt
* \footskip=30.0pt
* \marginparwidth=65.0pt
* \marginparsep=11.0pt
* \columnsep=10.0pt
* \skip\footins=9.0pt plus 4.0pt minus 2.0pt
* \hoffset=0.0pt
* \voffset=0.0pt
* \mag=1000
* \@twocolumnfalse
* \@twosidefalse
* \@mparswitchfalse
* \@reversemarginfalse
* (1in=72.27pt=25.4mm, 1cm=28.453pt)

Package hyperref Info: Link coloring ON on input line 21.
\@outlinefile=\write4
\openout4 = `lecture_notes.out'.

(/usr/share/texlive/texmf-dist/tex/context/base/mkii/supp-pdf.mkii
[Loading MPS to PDF converter (version 2006.09.02).]
\scratchcounter=\count313
\scratchdimen=\dimen167
\scratchbox=\box62
\nofMPsegments=\count314
\nofMParguments=\count315
\everyMPshowfont=\toks30
\MPscratchCnt=\count316
\MPscratchDim=\dimen168
\MPnumerator=\count317
\makeMPintoPDFobject=\count318
\everyMPtoPDFconversion=\toks31
) (/usr/share/texlive/texmf-dist/tex/latex/epstopdf-pkg/epstopdf-base.sty
Package: epstopdf-base 2020-01-24 v2.11 Base part for package epstopdf
Package epstopdf-base Info: Redefining graphics rule for `.eps' on input line 485.
 (/usr/share/texlive/texmf-dist/tex/latex/latexconfig/epstopdf-sys.cfg
File: epstopdf-sys.cfg 2010/07/13 v1.3 Configuration of (r)epstopdf for TeX Live
))
LaTeX Font Info:    External font `cmex10' loaded for size
(Font)              <12> on input line 23.
LaTeX Font Info:    External font `cmex10' loaded for size
(Font)              <8> on input line 23.
LaTeX Font Info:    External font `cmex10' loaded for size
(Font)              <6> on input line 23.

No file lecture_notes.toc.
\tf@toc=\write5
\openout5 = `lecture_notes.toc'.



[1

{/var/lib/texmf/fonts/map/pdftex/updmap/pdftex.map}]
\pydata@fh@_D426919F4690A272DE8549D0E794A370.data.minted=\write6
\openout6 = `_D426919F4690A272DE8549D0E794A370.data.minted'.

runsystem(latexminted config  --timestamp 20250907174320 D426919F4690A272DE8549D0E794A370)...executed safely (allowed).

 (./_D426919F4690A272DE8549D0E794A370.config.minted)
runsystem(latexminted cleanconfig  --timestamp 20250907174320 D426919F4690A272DE8549D0E794A370)...executed safely (allowed).

 (./_minted/default.style.minted)
\openout6 = `_D426919F4690A272DE8549D0E794A370.data.minted'.

runsystem(latexminted highlight  --timestamp 20250907174320 D426919F4690A272DE8549D0E794A370)...executed safely (allowed).

 (./_D426919F4690A272DE8549D0E794A370.message.minted)

/home/nithin/work/system-design/lecture_notes.tex:62: Package minted Error: 
 => ./lecture_notes:47: Pygments lexer "mermaid" is unknown.

See the minted package documentation for explanation.
Type  H <return>  for immediate help.
 ...                                              
                                                  
l.62 \end{minted}
                 
This error message was generated by an \errmessage
command, so I can't give any explicit help.
Pretend that you're Hercule Poirot: Examine all clues,
and deduce the truth by order and method.

LaTeX Font Info:    External font `cmex10' loaded for size
(Font)              <7> on input line 77.
LaTeX Font Info:    External font `cmex10' loaded for size
(Font)              <5> on input line 77.


[2{/usr/share/texmf/fonts/enc/dvips/cm-super/cm-super-ts1.enc}]
\openout6 = `_D426919F4690A272DE8549D0E794A370.data.minted'.

runsystem(latexminted highlight  --timestamp 20250907174320 D426919F4690A272DE8549D0E794A370)...executed safely (allowed).

 (./_D426919F4690A272DE8549D0E794A370.message.minted)

/home/nithin/work/system-design/lecture_notes.tex:108: Package minted Error: 
 => ./lecture_notes:89: Pygments lexer "mermaid" is unknown.

See the minted package documentation for explanation.
Type  H <return>  for immediate help.
 ...                                              
                                                  
l.108 \end{minted}
                  
(That was another \errmessage.)

\openout6 = `_D426919F4690A272DE8549D0E794A370.data.minted'.

runsystem(latexminted highlight  --timestamp 20250907174320 D426919F4690A272DE8549D0E794A370)...executed safely (allowed).

(./_D426919F4690A272DE8549D0E794A370.message.minted)

/home/nithin/work/system-design/lecture_notes.tex:141: Package minted Error: 
 => ./lecture_notes:130: Pygments lexer "mermaid" is unknown.

See the minted package documentation for explanation.
Type  H <return>  for immediate help.
 ...                                              
                                                  
l.141 \end{minted}
                  
(That was another \errmessage.)



[3]
\openout6 = `_D426919F4690A272DE8549D0E794A370.data.minted'.

runsystem(latexminted highlight  --timestamp 20250907174320 D426919F4690A272DE8549D0E794A370)...executed safely (allowed).

 (./_D426919F4690A272DE8549D0E794A370.message.minted)

/home/nithin/work/system-design/lecture_notes.tex:181: Package minted Error: 
 => ./lecture_notes:168: Pygments lexer "mermaid" is unknown.

See the minted package documentation for explanation.
Type  H <return>  for immediate help.
 ...                                              
                                                  
l.181 \end{minted}
                  
(That was another \errmessage.)



[4]
\openout6 = `_D426919F4690A272DE8549D0E794A370.data.minted'.

runsystem(latexminted highlight  --timestamp 20250907174320 D426919F4690A272DE8549D0E794A370)...executed safely (allowed).

 (./_D426919F4690A272DE8549D0E794A370.message.minted)

/home/nithin/work/system-design/lecture_notes.tex:223: Package minted Error: 
 => ./lecture_notes:208: Pygments lexer "mermaid" is unknown.

See the minted package documentation for explanation.
Type  H <return>  for immediate help.
 ...                                              
                                                  
l.223 \end{minted}
                  
(That was another \errmessage.)


Overfull \hbox (0.13512pt too wide) in paragraph at lines 230--231
[]\OT1/cmr/bx/n/10 Video: \OT1/cmr/m/n/10 Crash Course Com-puter Sci-ence - Op-er-at-ing Sys-tems: [][]$\OT1/cmtt/m/n/10 https : / / www . youtube . com / watch ?
 []



[5]
\openout6 = `_D426919F4690A272DE8549D0E794A370.data.minted'.

runsystem(latexminted highlight  --timestamp 20250907174320 D426919F4690A272DE8549D0E794A370)...executed safely (allowed).

 (./_D426919F4690A272DE8549D0E794A370.message.minted)

/home/nithin/work/system-design/lecture_notes.tex:266: Package minted Error: 
 => ./lecture_notes:246: Pygments lexer "mermaid" is unknown.

See the minted package documentation for explanation.
Type  H <return>  for immediate help.
 ...                                              
                                                  
l.266 \end{minted}
                  
(That was another \errmessage.)


Overfull \hbox (27.80112pt too wide) in paragraph at lines 276--277
[]\OT1/cmr/bx/n/10 Video: \OT1/cmr/m/n/10 Con-tain-ers vs VMs: What's the Dif-fer-ence?: [][]$\OT1/cmtt/m/n/10 https : / / www . youtube . com / watch ? v = cjXI-[]A-[]4854$[][] 
 []


Overfull \hbox (19.31473pt too wide) in paragraph at lines 277--278
[]\OT1/cmr/bx/n/10 Article: \OT1/cmr/m/n/10 "What is a Con-tainer?" by Docker: [][]$\OT1/cmtt/m/n/10 https : / / www . docker . com / resources / what-[]container/$[][] 
 []



[6]

[7]

[8]

[9]

[10]

[11]
\openout6 = `_D426919F4690A272DE8549D0E794A370.data.minted'.

runsystem(latexminted highlight  --timestamp 20250907174320 D426919F4690A272DE8549D0E794A370)...executed safely (allowed).

 (./_minted/67423B51316AFFFC57A07CEEE70B001C.highlight.minted

./_minted/67423B51316AFFFC57A07CEEE70B001C.highlight.minted:3: LaTeX Error: Unicode character ├ (U+251C)
               not set up for use with LaTeX.

See the LaTeX manual or LaTeX Companion for explanation.
Type  H <return>  for immediate help.
 ...                                              
                                                  
l.3 ...                \PYGZsh{} Shared components
                                                  
You may provide a definition with
\DeclareUnicodeCharacter 


./_minted/67423B51316AFFFC57A07CEEE70B001C.highlight.minted:3: LaTeX Error: Unicode character ─ (U+2500)
               not set up for use with LaTeX.

See the LaTeX manual or LaTeX Companion for explanation.
Type  H <return>  for immediate help.
 ...                                              
                                                  
l.3 ...                \PYGZsh{} Shared components
                                                  
You may provide a definition with
\DeclareUnicodeCharacter 


./_minted/67423B51316AFFFC57A07CEEE70B001C.highlight.minted:3: LaTeX Error: Unicode character ─ (U+2500)
               not set up for use with LaTeX.

See the LaTeX manual or LaTeX Companion for explanation.
Type  H <return>  for immediate help.
 ...                                              
                                                  
l.3 ...                \PYGZsh{} Shared components
                                                  
You may provide a definition with
\DeclareUnicodeCharacter 


./_minted/67423B51316AFFFC57A07CEEE70B001C.highlight.minted:4: LaTeX Error: Unicode character │ (U+2502)
               not set up for use with LaTeX.

See the LaTeX manual or LaTeX Companion for explanation.
Type  H <return>  for immediate help.
 ...                                              
                                                  
l.4 ...Data models (Author, Book, Customer, Order)
                                                  
You may provide a definition with
\DeclareUnicodeCharacter 


./_minted/67423B51316AFFFC57A07CEEE70B001C.highlight.minted:4: LaTeX Error: Unicode character ├ (U+251C)
               not set up for use with LaTeX.

See the LaTeX manual or LaTeX Companion for explanation.
Type  H <return>  for immediate help.
 ...                                              
                                                  
l.4 ...Data models (Author, Book, Customer, Order)
                                                  
You may provide a definition with
\DeclareUnicodeCharacter 


./_minted/67423B51316AFFFC57A07CEEE70B001C.highlight.minted:4: LaTeX Error: Unicode character ─ (U+2500)
               not set up for use with LaTeX.

See the LaTeX manual or LaTeX Companion for explanation.
Type  H <return>  for immediate help.
 ...                                              
                                                  
l.4 ...Data models (Author, Book, Customer, Order)
                                                  
You may provide a definition with
\DeclareUnicodeCharacter 


./_minted/67423B51316AFFFC57A07CEEE70B001C.highlight.minted:4: LaTeX Error: Unicode character ─ (U+2500)
               not set up for use with LaTeX.

See the LaTeX manual or LaTeX Companion for explanation.
Type  H <return>  for immediate help.
 ...                                              
                                                  
l.4 ...Data models (Author, Book, Customer, Order)
                                                  
You may provide a definition with
\DeclareUnicodeCharacter 


./_minted/67423B51316AFFFC57A07CEEE70B001C.highlight.minted:5: LaTeX Error: Unicode character │ (U+2502)
               not set up for use with LaTeX.

See the LaTeX manual or LaTeX Companion for explanation.
Type  H <return>  for immediate help.
 ...                                              
                                                  
l.5 ...in\PYGZhy{}memory database with sample data
                                                  
You may provide a definition with
\DeclareUnicodeCharacter 


./_minted/67423B51316AFFFC57A07CEEE70B001C.highlight.minted:5: LaTeX Error: Unicode character └ (U+2514)
               not set up for use with LaTeX.

See the LaTeX manual or LaTeX Companion for explanation.
Type  H <return>  for immediate help.
 ...                                              
                                                  
l.5 ...in\PYGZhy{}memory database with sample data
                                                  
You may provide a definition with
\DeclareUnicodeCharacter 


./_minted/67423B51316AFFFC57A07CEEE70B001C.highlight.minted:5: LaTeX Error: Unicode character ─ (U+2500)
               not set up for use with LaTeX.

See the LaTeX manual or LaTeX Companion for explanation.
Type  H <return>  for immediate help.
 ...                                              
                                                  
l.5 ...in\PYGZhy{}memory database with sample data
                                                  
You may provide a definition with
\DeclareUnicodeCharacter 


./_minted/67423B51316AFFFC57A07CEEE70B001C.highlight.minted:5: LaTeX Error: Unicode character ─ (U+2500)
               not set up for use with LaTeX.

See the LaTeX manual or LaTeX Companion for explanation.
Type  H <return>  for immediate help.
 ...                                              
                                                  
l.5 ...in\PYGZhy{}memory database with sample data
                                                  
You may provide a definition with
\DeclareUnicodeCharacter 


./_minted/67423B51316AFFFC57A07CEEE70B001C.highlight.minted:6: LaTeX Error: Unicode character ├ (U+251C)
               not set up for use with LaTeX.

See the LaTeX manual or LaTeX Companion for explanation.
Type  H <return>  for immediate help.
 ...                                              
                                                  
l.6 ...             \PYGZsh{} Traditional REST API
                                                  
You may provide a definition with
\DeclareUnicodeCharacter 


./_minted/67423B51316AFFFC57A07CEEE70B001C.highlight.minted:6: LaTeX Error: Unicode character ─ (U+2500)
               not set up for use with LaTeX.

See the LaTeX manual or LaTeX Companion for explanation.
Type  H <return>  for immediate help.
 ...                                              
                                                  
l.6 ...             \PYGZsh{} Traditional REST API
                                                  
You may provide a definition with
\DeclareUnicodeCharacter 


./_minted/67423B51316AFFFC57A07CEEE70B001C.highlight.minted:6: LaTeX Error: Unicode character ─ (U+2500)
               not set up for use with LaTeX.

See the LaTeX manual or LaTeX Companion for explanation.
Type  H <return>  for immediate help.
 ...                                              
                                                  
l.6 ...             \PYGZsh{} Traditional REST API
                                                  
You may provide a definition with
\DeclareUnicodeCharacter 


./_minted/67423B51316AFFFC57A07CEEE70B001C.highlight.minted:7: LaTeX Error: Unicode character │ (U+2502)
               not set up for use with LaTeX.

See the LaTeX manual or LaTeX Companion for explanation.
Type  H <return>  for immediate help.
 ...                                              
                                                  
l.7 ... \PYGZsh{} Flask server with CRUD endpoints
                                                  
You may provide a definition with
\DeclareUnicodeCharacter 


./_minted/67423B51316AFFFC57A07CEEE70B001C.highlight.minted:7: LaTeX Error: Unicode character └ (U+2514)
               not set up for use with LaTeX.

See the LaTeX manual or LaTeX Companion for explanation.
Type  H <return>  for immediate help.
 ...                                              
                                                  
l.7 ... \PYGZsh{} Flask server with CRUD endpoints
                                                  
You may provide a definition with
\DeclareUnicodeCharacter 


./_minted/67423B51316AFFFC57A07CEEE70B001C.highlight.minted:7: LaTeX Error: Unicode character ─ (U+2500)
               not set up for use with LaTeX.

See the LaTeX manual or LaTeX Companion for explanation.
Type  H <return>  for immediate help.
 ...                                              
                                                  
l.7 ... \PYGZsh{} Flask server with CRUD endpoints
                                                  
You may provide a definition with
\DeclareUnicodeCharacter 


./_minted/67423B51316AFFFC57A07CEEE70B001C.highlight.minted:7: LaTeX Error: Unicode character ─ (U+2500)
               not set up for use with LaTeX.

See the LaTeX manual or LaTeX Companion for explanation.
Type  H <return>  for immediate help.
 ...                                              
                                                  
l.7 ... \PYGZsh{} Flask server with CRUD endpoints
                                                  
You may provide a definition with
\DeclareUnicodeCharacter 


./_minted/67423B51316AFFFC57A07CEEE70B001C.highlight.minted:8: LaTeX Error: Unicode character ├ (U+251C)
               not set up for use with LaTeX.

See the LaTeX manual or LaTeX Companion for explanation.
Type  H <return>  for immediate help.
 ...                                              
                                                  
l.8 .../              \PYGZsh{} Modern GraphQL API
                                                  
You may provide a definition with
\DeclareUnicodeCharacter 


./_minted/67423B51316AFFFC57A07CEEE70B001C.highlight.minted:8: LaTeX Error: Unicode character ─ (U+2500)
               not set up for use with LaTeX.

See the LaTeX manual or LaTeX Companion for explanation.
Type  H <return>  for immediate help.
 ...                                              
                                                  
l.8 .../              \PYGZsh{} Modern GraphQL API
                                                  
You may provide a definition with
\DeclareUnicodeCharacter 


./_minted/67423B51316AFFFC57A07CEEE70B001C.highlight.minted:8: LaTeX Error: Unicode character ─ (U+2500)
               not set up for use with LaTeX.

See the LaTeX manual or LaTeX Companion for explanation.
Type  H <return>  for immediate help.
 ...                                              
                                                  
l.8 .../              \PYGZsh{} Modern GraphQL API
                                                  
You may provide a definition with
\DeclareUnicodeCharacter 


./_minted/67423B51316AFFFC57A07CEEE70B001C.highlight.minted:9: LaTeX Error: Unicode character │ (U+2502)
               not set up for use with LaTeX.

See the LaTeX manual or LaTeX Companion for explanation.
Type  H <return>  for immediate help.
 ...                                              
                                                  
l.9 ...GZsh{} GraphQL schema, types, and resolvers
                                                  
You may provide a definition with
\DeclareUnicodeCharacter 


./_minted/67423B51316AFFFC57A07CEEE70B001C.highlight.minted:9: LaTeX Error: Unicode character ├ (U+251C)
               not set up for use with LaTeX.

See the LaTeX manual or LaTeX Companion for explanation.
Type  H <return>  for immediate help.
 ...                                              
                                                  
l.9 ...GZsh{} GraphQL schema, types, and resolvers
                                                  
You may provide a definition with
\DeclareUnicodeCharacter 


./_minted/67423B51316AFFFC57A07CEEE70B001C.highlight.minted:9: LaTeX Error: Unicode character ─ (U+2500)
               not set up for use with LaTeX.

See the LaTeX manual or LaTeX Companion for explanation.
Type  H <return>  for immediate help.
 ...                                              
                                                  
l.9 ...GZsh{} GraphQL schema, types, and resolvers
                                                  
You may provide a definition with
\DeclareUnicodeCharacter 


./_minted/67423B51316AFFFC57A07CEEE70B001C.highlight.minted:9: LaTeX Error: Unicode character ─ (U+2500)
               not set up for use with LaTeX.

See the LaTeX manual or LaTeX Companion for explanation.
Type  H <return>  for immediate help.
 ...                                              
                                                  
l.9 ...GZsh{} GraphQL schema, types, and resolvers
                                                  
You may provide a definition with
\DeclareUnicodeCharacter 


./_minted/67423B51316AFFFC57A07CEEE70B001C.highlight.minted:10: LaTeX Error: Unicode character │ (U+2502)
               not set up for use with LaTeX.

See the LaTeX manual or LaTeX Companion for explanation.
Type  H <return>  for immediate help.
 ...                                              
                                                  
l.10 ...GZsh{} FastAPI + Strawberry GraphQL server
                                                  
You may provide a definition with
\DeclareUnicodeCharacter 


./_minted/67423B51316AFFFC57A07CEEE70B001C.highlight.minted:10: LaTeX Error: Unicode character └ (U+2514)
               not set up for use with LaTeX.

See the LaTeX manual or LaTeX Companion for explanation.
Type  H <return>  for immediate help.
 ...                                              
                                                  
l.10 ...GZsh{} FastAPI + Strawberry GraphQL server
                                                  
You may provide a definition with
\DeclareUnicodeCharacter 


./_minted/67423B51316AFFFC57A07CEEE70B001C.highlight.minted:10: LaTeX Error: Unicode character ─ (U+2500)
               not set up for use with LaTeX.

See the LaTeX manual or LaTeX Companion for explanation.
Type  H <return>  for immediate help.
 ...                                              
                                                  
l.10 ...GZsh{} FastAPI + Strawberry GraphQL server
                                                  
You may provide a definition with
\DeclareUnicodeCharacter 


./_minted/67423B51316AFFFC57A07CEEE70B001C.highlight.minted:10: LaTeX Error: Unicode character ─ (U+2500)
               not set up for use with LaTeX.

See the LaTeX manual or LaTeX Companion for explanation.
Type  H <return>  for immediate help.
 ...                                              
                                                  
l.10 ...GZsh{} FastAPI + Strawberry GraphQL server
                                                  
You may provide a definition with
\DeclareUnicodeCharacter 


./_minted/67423B51316AFFFC57A07CEEE70B001C.highlight.minted:11: LaTeX Error: Unicode character ├ (U+251C)
               not set up for use with LaTeX.

See the LaTeX manual or LaTeX Companion for explanation.
Type  H <return>  for immediate help.
 ...                                              
                                                  
l.11 .../          \PYGZsh{} Demonstration clients
                                                  
You may provide a definition with
\DeclareUnicodeCharacter 


./_minted/67423B51316AFFFC57A07CEEE70B001C.highlight.minted:11: LaTeX Error: Unicode character ─ (U+2500)
               not set up for use with LaTeX.

See the LaTeX manual or LaTeX Companion for explanation.
Type  H <return>  for immediate help.
 ...                                              
                                                  
l.11 .../          \PYGZsh{} Demonstration clients
                                                  
You may provide a definition with
\DeclareUnicodeCharacter 


./_minted/67423B51316AFFFC57A07CEEE70B001C.highlight.minted:11: LaTeX Error: Unicode character ─ (U+2500)
               not set up for use with LaTeX.

See the LaTeX manual or LaTeX Companion for explanation.
Type  H <return>  for immediate help.
 ...                                              
                                                  
l.11 .../          \PYGZsh{} Demonstration clients
                                                  
You may provide a definition with
\DeclareUnicodeCharacter 


./_minted/67423B51316AFFFC57A07CEEE70B001C.highlight.minted:12: LaTeX Error: Unicode character │ (U+2502)
               not set up for use with LaTeX.

See the LaTeX manual or LaTeX Companion for explanation.
Type  H <return>  for immediate help.
 ...                                              
                                                  
l.12 ...y        \PYGZsh{} Shows REST API problems
                                                  
You may provide a definition with
\DeclareUnicodeCharacter 


./_minted/67423B51316AFFFC57A07CEEE70B001C.highlight.minted:12: LaTeX Error: Unicode character ├ (U+251C)
               not set up for use with LaTeX.

See the LaTeX manual or LaTeX Companion for explanation.
Type  H <return>  for immediate help.
 ...                                              
                                                  
l.12 ...y        \PYGZsh{} Shows REST API problems
                                                  
You may provide a definition with
\DeclareUnicodeCharacter 


./_minted/67423B51316AFFFC57A07CEEE70B001C.highlight.minted:12: LaTeX Error: Unicode character ─ (U+2500)
               not set up for use with LaTeX.

See the LaTeX manual or LaTeX Companion for explanation.
Type  H <return>  for immediate help.
 ...                                              
                                                  
l.12 ...y        \PYGZsh{} Shows REST API problems
                                                  
You may provide a definition with
\DeclareUnicodeCharacter 


./_minted/67423B51316AFFFC57A07CEEE70B001C.highlight.minted:12: LaTeX Error: Unicode character ─ (U+2500)
               not set up for use with LaTeX.

See the LaTeX manual or LaTeX Companion for explanation.
Type  H <return>  for immediate help.
 ...                                              
                                                  
l.12 ...y        \PYGZsh{} Shows REST API problems
                                                  
You may provide a definition with
\DeclareUnicodeCharacter 


./_minted/67423B51316AFFFC57A07CEEE70B001C.highlight.minted:13: LaTeX Error: Unicode character │ (U+2502)
               not set up for use with LaTeX.

See the LaTeX manual or LaTeX Companion for explanation.
Type  H <return>  for immediate help.
 ...                                              
                                                  
l.13 ...t.py     \PYGZsh{} Shows GraphQL solutions
                                                  
You may provide a definition with
\DeclareUnicodeCharacter 


./_minted/67423B51316AFFFC57A07CEEE70B001C.highlight.minted:13: LaTeX Error: Unicode character ├ (U+251C)
               not set up for use with LaTeX.

See the LaTeX manual or LaTeX Companion for explanation.
Type  H <return>  for immediate help.
 ...                                              
                                                  
l.13 ...t.py     \PYGZsh{} Shows GraphQL solutions
                                                  
You may provide a definition with
\DeclareUnicodeCharacter 


./_minted/67423B51316AFFFC57A07CEEE70B001C.highlight.minted:13: LaTeX Error: Unicode character ─ (U+2500)
               not set up for use with LaTeX.

See the LaTeX manual or LaTeX Companion for explanation.
Type  H <return>  for immediate help.
 ...                                              
                                                  
l.13 ...t.py     \PYGZsh{} Shows GraphQL solutions
                                                  
You may provide a definition with
\DeclareUnicodeCharacter 


./_minted/67423B51316AFFFC57A07CEEE70B001C.highlight.minted:13: LaTeX Error: Unicode character ─ (U+2500)
               not set up for use with LaTeX.

See the LaTeX manual or LaTeX Companion for explanation.
Type  H <return>  for immediate help.
 ...                                              
                                                  
l.13 ...t.py     \PYGZsh{} Shows GraphQL solutions
                                                  
You may provide a definition with
\DeclareUnicodeCharacter 


./_minted/67423B51316AFFFC57A07CEEE70B001C.highlight.minted:14: LaTeX Error: Unicode character │ (U+2502)
               not set up for use with LaTeX.

See the LaTeX manual or LaTeX Companion for explanation.
Type  H <return>  for immediate help.
 ...                                              
                                                  
l.14 ...{} Side\PYGZhy{}by\PYGZhy{}side comparison
                                                  
You may provide a definition with
\DeclareUnicodeCharacter 


./_minted/67423B51316AFFFC57A07CEEE70B001C.highlight.minted:14: LaTeX Error: Unicode character └ (U+2514)
               not set up for use with LaTeX.

See the LaTeX manual or LaTeX Companion for explanation.
Type  H <return>  for immediate help.
 ...                                              
                                                  
l.14 ...{} Side\PYGZhy{}by\PYGZhy{}side comparison
                                                  
You may provide a definition with
\DeclareUnicodeCharacter 


./_minted/67423B51316AFFFC57A07CEEE70B001C.highlight.minted:14: LaTeX Error: Unicode character ─ (U+2500)
               not set up for use with LaTeX.

See the LaTeX manual or LaTeX Companion for explanation.
Type  H <return>  for immediate help.
 ...                                              
                                                  
l.14 ...{} Side\PYGZhy{}by\PYGZhy{}side comparison
                                                  
You may provide a definition with
\DeclareUnicodeCharacter 


./_minted/67423B51316AFFFC57A07CEEE70B001C.highlight.minted:14: LaTeX Error: Unicode character ─ (U+2500)
               not set up for use with LaTeX.

See the LaTeX manual or LaTeX Companion for explanation.
Type  H <return>  for immediate help.
 ...                                              
                                                  
l.14 ...{} Side\PYGZhy{}by\PYGZhy{}side comparison
                                                  
You may provide a definition with
\DeclareUnicodeCharacter 


./_minted/67423B51316AFFFC57A07CEEE70B001C.highlight.minted:15: LaTeX Error: Unicode character ├ (U+251C)
               not set up for use with LaTeX.

See the LaTeX manual or LaTeX Companion for explanation.
Type  H <return>  for immediate help.
 ...                                              
                                                  
l.15 ...txt          \PYGZsh{} Python dependencies
                                                  
You may provide a definition with
\DeclareUnicodeCharacter 


./_minted/67423B51316AFFFC57A07CEEE70B001C.highlight.minted:15: LaTeX Error: Unicode character ─ (U+2500)
               not set up for use with LaTeX.

See the LaTeX manual or LaTeX Companion for explanation.
Type  H <return>  for immediate help.
 ...                                              
                                                  
l.15 ...txt          \PYGZsh{} Python dependencies
                                                  
You may provide a definition with
\DeclareUnicodeCharacter 


./_minted/67423B51316AFFFC57A07CEEE70B001C.highlight.minted:15: LaTeX Error: Unicode character ─ (U+2500)
               not set up for use with LaTeX.

See the LaTeX manual or LaTeX Companion for explanation.
Type  H <return>  for immediate help.
 ...                                              
                                                  
l.15 ...txt          \PYGZsh{} Python dependencies
                                                  
You may provide a definition with
\DeclareUnicodeCharacter 


./_minted/67423B51316AFFFC57A07CEEE70B001C.highlight.minted:16: LaTeX Error: Unicode character ├ (U+251C)
               not set up for use with LaTeX.

See the LaTeX manual or LaTeX Companion for explanation.
Type  H <return>  for immediate help.
 ...                                              
                                                  
l.16 ...       \PYGZsh{} Convenient startup script
                                                  
You may provide a definition with
\DeclareUnicodeCharacter 


./_minted/67423B51316AFFFC57A07CEEE70B001C.highlight.minted:16: LaTeX Error: Unicode character ─ (U+2500)
               not set up for use with LaTeX.

See the LaTeX manual or LaTeX Companion for explanation.
Type  H <return>  for immediate help.
 ...                                              
                                                  
l.16 ...       \PYGZsh{} Convenient startup script
                                                  
You may provide a definition with
\DeclareUnicodeCharacter 


./_minted/67423B51316AFFFC57A07CEEE70B001C.highlight.minted:16: LaTeX Error: Unicode character ─ (U+2500)
               not set up for use with LaTeX.

See the LaTeX manual or LaTeX Companion for explanation.
Type  H <return>  for immediate help.
 ...                                              
                                                  
l.16 ...       \PYGZsh{} Convenient startup script
                                                  
You may provide a definition with
\DeclareUnicodeCharacter 


./_minted/67423B51316AFFFC57A07CEEE70B001C.highlight.minted:17: LaTeX Error: Unicode character └ (U+2514)
               not set up for use with LaTeX.

See the LaTeX manual or LaTeX Companion for explanation.
Type  H <return>  for immediate help.
 ...                                              
                                                  
l.17 ...DME.md                 \PYGZsh{} This file
                                                  
You may provide a definition with
\DeclareUnicodeCharacter 


./_minted/67423B51316AFFFC57A07CEEE70B001C.highlight.minted:17: LaTeX Error: Unicode character ─ (U+2500)
               not set up for use with LaTeX.

See the LaTeX manual or LaTeX Companion for explanation.
Type  H <return>  for immediate help.
 ...                                              
                                                  
l.17 ...DME.md                 \PYGZsh{} This file
                                                  
You may provide a definition with
\DeclareUnicodeCharacter 


./_minted/67423B51316AFFFC57A07CEEE70B001C.highlight.minted:17: LaTeX Error: Unicode character ─ (U+2500)
               not set up for use with LaTeX.

See the LaTeX manual or LaTeX Companion for explanation.
Type  H <return>  for immediate help.
 ...                                              
                                                  
l.17 ...DME.md                 \PYGZsh{} This file
                                                  
You may provide a definition with
\DeclareUnicodeCharacter 

)
\openout6 = `_D426919F4690A272DE8549D0E794A370.data.minted'.

runsystem(latexminted highlight  --timestamp 20250907174320 D426919F4690A272DE8549D0E794A370)...executed safely (allowed).

 (./_minted/63C932846EFB40F8B56F91FAFA49C17E.highlight.minted)
\openout6 = `_D426919F4690A272DE8549D0E794A370.data.minted'.

runsystem(latexminted highlight  --timestamp 20250907174320 D426919F4690A272DE8549D0E794A370)...executed safely (allowed).

 (./_minted/54B73916DD897A64FDFFDB2F37A429FA.highlight.minted
LaTeX Font Info:    Font shape `OT1/cmtt/bx/n' in size <10> not available
(Font)              Font shape `OT1/cmtt/m/n' tried instead on input line 3.


[12])
\openout6 = `_D426919F4690A272DE8549D0E794A370.data.minted'.

runsystem(latexminted highlight  --timestamp 20250907174320 D426919F4690A272DE8549D0E794A370)...executed safely (allowed).

 (./_minted/7FEC2FB0F641482898FCFD4B85CD7063.highlight.minted)
\openout6 = `_D426919F4690A272DE8549D0E794A370.data.minted'.

runsystem(latexminted highlight  --timestamp 20250907174320 D426919F4690A272DE8549D0E794A370)...executed safely (allowed).

 (./_minted/E04EA371123B551C10468C7FEBF9D23D.highlight.minted)
\openout6 = `_D426919F4690A272DE8549D0E794A370.data.minted'.

runsystem(latexminted highlight  --timestamp 20250907174320 D426919F4690A272DE8549D0E794A370)...executed safely (allowed).

 (./_minted/ADF9B129839DB50D1EE9A36BF183EE2E.highlight.minted)
\openout6 = `_D426919F4690A272DE8549D0E794A370.data.minted'.

runsystem(latexminted highlight  --timestamp 20250907174320 D426919F4690A272DE8549D0E794A370)...executed safely (allowed).

 (./_minted/71BB3CAD8D03CE12C6589A32220056B3.highlight.minted

[13])
\openout6 = `_D426919F4690A272DE8549D0E794A370.data.minted'.

runsystem(latexminted highlight  --timestamp 20250907174320 D426919F4690A272DE8549D0E794A370)...executed safely (allowed).

 (./_minted/3657D18F34C2C3F24C92119A85599D44.highlight.minted)

[14]
\openout6 = `_D426919F4690A272DE8549D0E794A370.data.minted'.

runsystem(latexminted clean  --timestamp 20250907174320 D426919F4690A272DE8549D0E794A370)...executed safely (allowed).

 (./lecture_notes.aux)
 ***********
LaTeX2e <2024-11-01> patch level 2
L3 programming layer <2025-01-18>
 ***********


Package rerunfilecheck Warning: File `lecture_notes.out' has changed.
(rerunfilecheck)                Rerun to get outlines right
(rerunfilecheck)                or use package `bookmark'.

Package rerunfilecheck Info: Checksums for `lecture_notes.out':
(rerunfilecheck)             Before: <no file>
(rerunfilecheck)             After:  4F12CB932CC68C6CEFE78C7089746300;12693.
 ) 
Here is how much of TeX's memory you used:
 14171 strings out of 473197
 277868 string characters out of 5718605
 788026 words of memory out of 5000000
 37146 multiletter control sequences out of 15000+600000
 563763 words of font info for 53 fonts, out of 8000000 for 9000
 1141 hyphenation exceptions out of 8191
 75i,6n,79p,522b,928s stack positions out of 10000i,1000n,20000p,200000b,200000s
</usr/share/texlive/texmf-dist/fonts/type1/public/amsfonts/cm/cmbx10.pfb></usr/share/texlive/texmf-dist/fonts/type1/public/amsfonts/cm/cmbx12.pfb></usr/share/texlive/texmf-dist/fonts/type1/public/amsfonts/cm/cmitt10.pfb></usr/share/texlive/texmf-dist/fonts/type1/public/amsfonts/cm/cmr10.pfb></usr/share/texlive/texmf-dist/fonts/type1/public/amsfonts/cm/cmr12.pfb></usr/share/texlive/texmf-dist/fonts/type1/public/amsfonts/cm/cmr17.pfb></usr/share/texlive/texmf-dist/fonts/type1/public/amsfonts/cm/cmtt10.pfb></usr/share/texmf/fonts/type1/public/cm-super/sfrm1000.pfb>
Output written on lecture_notes.pdf (14 pages, 158202 bytes).
PDF statistics:
 217 PDF objects out of 1000 (max. 8388607)
 183 compressed objects within 2 object streams
 84 named destinations out of 1000 (max. 500000)
 1 words of extra memory for PDF output out of 10000 (max. 10000000)

